make all --print-data-base --no-builtin-variables --no-builtin-rules --question
# GNU Make 4.2.1
# Built for x86_64-pc-linux-gnu
# Copyright (C) 1988-2016 Free Software Foundation, Inc.
# License GPLv3+: GNU GPL version 3 or later <http://gnu.org/licenses/gpl.html>
# This is free software: you are free to change and redistribute it.
# There is NO WARRANTY, to the extent permitted by law.

# Make data base, printed on Tue Jun 21 13:34:08 2022

# Variables

# automatic
<D = $(patsubst %/,%,$(dir $<))
# automatic
?F = $(notdir $?)
# environment
WSLENV = VSCODE_WSL_EXT_LOCATION/up
# default
.SHELLFLAGS := -c
# environment
VSCODE_LOG_NATIVE = false
# automatic
?D = $(patsubst %/,%,$(dir $?))
# automatic
@D = $(patsubst %/,%,$(dir $@))
# automatic
@F = $(notdir $@)
# makefile
CURDIR := /home/tsagi/go/src/github.com/metaprov/modela-go-sdk
# makefile
SHELL = /bin/sh
# makefile (from 'Makefile', line 7)
BUILD_DATE = $(shell date '+%Y-%m-%d-%H:%M:%S')
# environment
VSCODE_NLS_CONFIG = {"locale":"en","availableLanguages":{}}
# environment
_ = /home/tsagi/.vscode-server/bin/30d9c6cd9483b2cc586687151bcbcd635f373630/node
# makefile (from 'Makefile', line 5)
GIT_COMMIT = $(shell git rev-parse HEAD)
# makefile (from 'Makefile', line 1)
MAKEFILE_LIST :=  Makefile
# 'override' directive
GNUMAKEFLAGS := 
# environment
XDG_DATA_DIRS = /usr/local/share:/usr/share:/var/lib/snapd/desktop
# environment
VSCODE_AMD_ENTRYPOINT = vs/workbench/api/node/extensionHostProcess
# makefile (from 'Makefile', line 4)
VERSION := 0.1.0
# environment
VSCODE_VERBOSE_LOGGING = true
# environment
VSCODE_CWD = /mnt/c/Users/tmesh/AppData/Local/Programs/Microsoft VS Code
# environment
GOPROXY = https://proxy.golang.org,direct
# makefile (from 'Makefile', line 3)
PROTO_ROOT = https://raw.githubusercontent.com/metaprov/modela-api/master/modela-api
# default
MAKE_HOST := x86_64-pc-linux-gnu
# environment
PATH = /home/tsagi/.vscode-server/bin/30d9c6cd9483b2cc586687151bcbcd635f373630/bin/remote-cli:/home/tsagi/.poetry/bin:/home/tsagi/.krew/bin:/usr/local/go/bin//home/tsagi/.local/bin:/usr/local/go/bin:/usr/local/sbin:/usr/local/bin:/usr/sbin:/usr/bin:/sbin:/bin:/snap/bin:/usr/local/go/bin:/usr/sbin:/sbin:/bin:/usr/bin:/etc:/usr/ucb:/usr/local/bin:/usr/local/local_dfs/bin:/usr/bin/X11:/usr/local/sas:/bin:/home/tsagi/go/bin:/usr/local/go/bin::/home/tsagi/.cache/cloud-code/installer/google-cloud-sdk/bin:/home/tsagi/google-cloud-sdk/bin
# makefile (from 'Makefile', line 8)
RELEASE_VERSION = 0.1.13
# environment
GOPATH = /home/tsagi/go
# environment
VSCODE_LOG_STACK = false
# environment
VSCODE_IPC_HOOK_CLI = /tmp/vscode-ipc-14514af7-dd27-4fa1-bd19-144814a02d3a.sock
# environment
KUBECONFIG = :/home/tsagi/.kube/config:/home/tsagi/.kube/linode.yaml:/home/tsagi/.kube/linode1.yaml
# default
.FEATURES := target-specific order-only second-expansion else-if shortest-stem undefine oneshell archives jobserver output-sync check-symlink load
# environment
CLOUDSDK_METRICS_ENVIRONMENT = cloudcode.vscode
# automatic
%F = $(notdir $%)
# environment
CLOUDSDK_METRICS_ENVIRONMENT_VERSION = 1.18.3
# environment
HISTFILESIZE = 50
# environment
VSCODE_PIPE_LOGGING = true
# environment
PWD = /home/tsagi/go/src/github.com/metaprov/modela-go-sdk
# default
.LOADED := 
# environment
WSL_INTEROP = /run/WSL/13599_interop
# environment
MANPATH = /usr/share/man:/usr/local/man:/usr/local/local_dfs/man
# environment
GOMODCACHE = /home/tsagi/go/pkg/mod
# environment
HOME = /home/tsagi
# environment
LOGNAME = tsagi
# environment
APPLICATION_INSIGHTS_NO_DIAGNOSTIC_CHANNEL = 1
# environment
VSCODE_HANDLES_UNCAUGHT_ERRORS = true
# automatic
^D = $(patsubst %/,%,$(dir $^))
# environment
MAKELEVEL := 0
# default
MAKE = $(MAKE_COMMAND)
# default
MAKECMDGOALS := all
# environment
SHLVL = 0
# default
MAKE_VERSION := 4.2.1
# environment
USER = tsagi
# makefile
.DEFAULT_GOAL := all
# environment
NAME = DESKTOP-TMLQKET
# automatic
%D = $(patsubst %/,%,$(dir $%))
# environment
VSCODE_WSL_EXT_LOCATION = /mnt/c/Users/tmesh/.vscode/extensions/ms-vscode-remote.remote-wsl-0.66.3
# default
MAKE_COMMAND := make
# default
.VARIABLES := 
# automatic
*F = $(notdir $*)
# makefile
MAKEFLAGS = pqrR
# environment
MFLAGS = -pqrR
# automatic
*D = $(patsubst %/,%,$(dir $*))
# automatic
+D = $(patsubst %/,%,$(dir $+))
# automatic
+F = $(notdir $+)
# environment
VSCODE_HANDLES_SIGPIPE = true
# 'override' directive
.SHELLSTATUS := 0
# default
MAKEFILES := 
# automatic
<F = $(notdir $<)
# environment
define PS1
$(git branch &>/dev/null; if [ $? -eq 0 ]; then \
echo "\[\e[1m\]\u@\h\[\e[0m\]: \w [\[\e[34m\]$(git branch | grep ^* | sed s/\*\ //)\[\e[0m\]\
$(echo `git status` | grep "nothing to commit" > /dev/null 2>&1; if [ "$?" -ne "0" ]; then \
echo "\[\e[1;31m\]*\[\e[0m\]"; fi)] \$ "; else \
echo "\[\e[1m\]\u@\h\[\e[0m\]: \w \$ "; fi )
endef
# environment
EDITOR = /usr/bin/vim
# environment
PAGER = less
# environment
LC_ALL = C
# environment
HOSTTYPE = x86_64
# automatic
^F = $(notdir $^)
# default
SUFFIXES := 
# default
.INCLUDE_DIRS = /usr/include /usr/local/include /usr/include
# default
.RECIPEPREFIX := 
# environment
ORGANIZATION = University of Vermont
# environment
LANG = C
# environment
TERM = xterm-color
# environment
VSCODE_EXTHOST_WILL_SEND_SOCKET = true
# environment
WSL_DISTRO_NAME = Ubuntu
# makefile (from 'Makefile', line 6)
GIT_DIRTY = $(shell test -n "`git status --porcelain`" && echo "+CHANGES" || true)
# variable set hash-table stats:
# Load=83/1024=8%, Rehash=0, Collisions=7/115=6%

# Pattern-specific Variable Values

# No pattern-specific variable values.

# Directories

# . (device 2064, inode 1585638): 18 files, no impossibilities.

# 18 files, no impossibilities in 1 directories.

# Implicit Rules

# No implicit rules.

# Files

all: help
#  Phony target (prerequisite of .PHONY).
#  Command line target.
#  Implicit rule search has not been done.
#  File does not exist.
#  File has been updated.
#  Needs to be updated (-q is set).
# variable set hash-table stats:
# Load=0/32=0%, Rehash=0, Collisions=0/4=0%

cover: tidy
#  Phony target (prerequisite of .PHONY).
#  Implicit rule search has not been done.
#  File does not exist.
#  File has not been updated.
#  recipe to execute (from 'Makefile', line 32):
	go test -coverprofile=cover-client.out ./client && go tool cover -html=cover-client.out
	go test -coverprofile=cover-grpc.out ./protos/prediction-server/v1  && go tool cover -html=cover-grpc.out

.PHONY: build build-alpine clean test help default gen all tidy test spell cover lint tag clean gen help install-tools
#  Implicit rule search has not been done.
#  Modification time never checked.
#  File has not been updated.

# Not a target:
.SUFFIXES:
#  Implicit rule search has not been done.
#  Modification time never checked.
#  File has not been updated.

# Not a target:
Makefile:
#  Implicit rule search has been done.
#  Last modified 2021-09-06 12:13:00.1801857
#  File has been updated.
#  Successfully updated.

test: tidy
#  Phony target (prerequisite of .PHONY).
#  Implicit rule search has not been done.
#  File does not exist.
#  File has not been updated.
#  recipe to execute (from 'Makefile', line 19):
	go test -count=1 \
			-race \
			-coverprofile=coverage.txt \
			-covermode=atomic \
			./...

gen:
#  Phony target (prerequisite of .PHONY).
#  Implicit rule search has not been done.
#  File does not exist.
#  File has not been updated.
#  recipe to execute (from 'Makefile', line 52):
	go install github.com/gogo/protobuf/gogoreplace
	rm -rf ./protos/*
	mkdir -p ./protos/prediction-server/v1/
	wget -q https://raw.githubusercontent.com/metaprov/modela-api/main/prediction-server/v1/prediction_server.proto -O ./protos/prediction-server/v1/prediction_server.proto
	gogoreplace 'option go_package = "github.com/metaprov/modela/pkg/proto/predictionserver/v1;prediction-server";' \
		'option go_package = "github.com/metaprov/modela-go-sdk/modela/proto/predictionserver/v1;prediction-server";' \
		./protos/prediction-server/v1/prediction_server.proto
	protoc -Icommon-protos \
		   -I. \
		   --go_out=. --go_opt=paths=source_relative \
           --go-grpc_out=. --go-grpc_opt=paths=source_relative \
		   ./protos/prediction-server/v1/prediction_server.proto
	rm -f ./protos/prediction_server/v1/prediction_server.proto

build:
#  Phony target (prerequisite of .PHONY).
#  Implicit rule search has not been done.
#  File does not exist.
#  File has not been updated.

tag:
#  Phony target (prerequisite of .PHONY).
#  Implicit rule search has not been done.
#  File does not exist.
#  File has not been updated.
#  recipe to execute (from 'Makefile', line 41):
	git tag $(RELEASE_VERSION)
	git push origin $(RELEASE_VERSION)

help:
#  Phony target (prerequisite of .PHONY).
#  Implicit rule search has not been done.
 
#  Implicit/static pattern stem: ''
#  File does not exist.
#  File has been updated.
#  Needs to be updated (-q is set).
# automatic
# @ := help
# automatic
# % := 
# automatic
# * := 
# automatic
# + := 
# automatic
# | := 
# automatic
# < := 
# automatic
# ^ := 
# automatic
# ? := 
# variable set hash-table stats:
# Load=8/32=25%, Rehash=0, Collisions=1/12=8%
#  recipe to execute (from 'Makefile', line 74):
	@grep -E '^[a-zA-Z_-]+:.*?## .*$$' $(MAKEFILE_LIST) | awk \
		'BEGIN {FS = ":.*?## "}; {printf "\033[36m%-30s\033[0m %s\n", $$1, $$2}'

default:
#  Phony target (prerequisite of .PHONY).
#  Implicit rule search has not been done.
#  File does not exist.
#  File has not been updated.

install-tools:
#  Phony target (prerequisite of .PHONY).
#  Implicit rule search has not been done.
#  File does not exist.
#  File has not been updated.
#  recipe to execute (from 'Makefile', line 79):
	go get google.golang.org/protobuf/cmd/protoc-gen-go@v1.25.0
	go install google.golang.org/protobuf/cmd/protoc-gen-go
	go get google.golang.org/grpc/cmd/protoc-gen-go-grpc@v1.0.0
	go install google.golang.org/grpc/cmd/protoc-gen-go-grpc
	go get google.golang.org/grpc@v1.32.0

# Not a target:
.DEFAULT:
#  Implicit rule search has not been done.
#  Modification time never checked.
#  File has not been updated.

clean:
#  Phony target (prerequisite of .PHONY).
#  Implicit rule search has not been done.
#  File does not exist.
#  File has not been updated.
#  recipe to execute (from 'Makefile', line 46):
	go clean
	rm -rf ./proto/prediction-server/v1/*

spell:
#  Phony target (prerequisite of .PHONY).
#  Implicit rule search has not been done.
#  File does not exist.
#  File has not been updated.
#  recipe to execute (from 'Makefile', line 27):
	@command -v misspell > /dev/null 2>&1 || go get github.com/client9/misspell/cmd/misspell
	@misspell -locale US -error go=golang client/**/* example/**/* .

tidy:
#  Phony target (prerequisite of .PHONY).
#  Implicit rule search has not been done.
#  File does not exist.
#  File has not been updated.
#  recipe to execute (from 'Makefile', line 15):
	go mod tidy

lint:
#  Phony target (prerequisite of .PHONY).
#  Implicit rule search has not been done.
#  File does not exist.
#  File has not been updated.
#  recipe to execute (from 'Makefile', line 37):
	golangci-lint run --timeout=3m

build-alpine:
#  Phony target (prerequisite of .PHONY).
#  Implicit rule search has not been done.
#  File does not exist.
#  File has not been updated.

# files hash-table stats:
# Load=18/1024=2%, Rehash=0, Collisions=0/72=0%
# VPATH Search Paths

# No 'vpath' search paths.

# No general ('VPATH' variable) search path.

# strcache buffers: 1 (0) / strings = 37 / storage = 291 B / avg = 7 B
# current buf: size = 8162 B / used = 291 B / count = 37 / avg = 7 B

# strcache performance: lookups = 95 / hit rate = 61%
# hash-table stats:
# Load=37/8192=0%, Rehash=0, Collisions=1/95=1%
# Finished Make data base on Tue Jun 21 13:34:08 2022

 
